<?xml version="1.0" encoding="UTF-8"?>
<!-- Generated by org.testng.reporters.JUnitReportReporter -->
<testsuite skipped="0" hostname="DESKTOP-P577KFP" name="com.ebanking.zevene_walken.Login" tests="1" failures="0" timestamp="2021-01-04T23:22:23 IST" time="30.125" errors="0">
  <testcase name="login" time="30.125" classname="com.ebanking.zevene_walken.Login"/>
  <system-out/>
</testsuite> <!-- com.ebanking.zevene_walken.Login -->
